<?xml version="1.0" encoding="UTF-8"?>
<testsuite name="agh.ics.oop.Vector2dTest" tests="9" skipped="0" failures="0" errors="0" timestamp="2022-11-07T18:48:01" hostname="LAPTOP-CIASTEK" time="0.037">
  <properties/>
  <testcase name="testAdd()" classname="agh.ics.oop.Vector2dTest" time="0.003"/>
  <testcase name="testSubtract()" classname="agh.ics.oop.Vector2dTest" time="0.002"/>
  <testcase name="testToString()" classname="agh.ics.oop.Vector2dTest" time="0.013"/>
  <testcase name="testPrecedes()" classname="agh.ics.oop.Vector2dTest" time="0.001"/>
  <testcase name="testLowerLeft()" classname="agh.ics.oop.Vector2dTest" time="0.001"/>
  <testcase name="testOpposite()" classname="agh.ics.oop.Vector2dTest" time="0.001"/>
  <testcase name="testEquals()" classname="agh.ics.oop.Vector2dTest" time="0.001"/>
  <testcase name="testFollow()" classname="agh.ics.oop.Vector2dTest" time="0.002"/>
  <testcase name="testUpperRight()" classname="agh.ics.oop.Vector2dTest" time="0.0"/>
  <system-out><![CDATA[]]></system-out>
  <system-err><![CDATA[]]></system-err>
</testsuite>
