<?xml version="1.0" encoding="UTF-8"?>
<testsuite name="agh.ics.oop.MapBoundaryTest" tests="2" skipped="0" failures="0" errors="0" timestamp="2022-12-05T22:35:39" hostname="LAPTOP-CIASTEK" time="8.743">
  <properties/>
  <testcase name="testGetBoundaryGrassField()" classname="agh.ics.oop.MapBoundaryTest" time="8.741"/>
  <testcase name="testConstructor()" classname="agh.ics.oop.MapBoundaryTest" time="0.001"/>
  <system-out><![CDATA[]]></system-out>
  <system-err><![CDATA[]]></system-err>
</testsuite>
