<?xml version="1.0" encoding="UTF-8"?>
<testsuite name="agh.ics.oop.SimulationEngineTest" tests="2" skipped="0" failures="0" errors="0" timestamp="2022-12-04T16:51:44" hostname="LAPTOP-CIASTEK" time="0.004">
  <properties/>
  <testcase name="testRunGrassField()" classname="agh.ics.oop.SimulationEngineTest" time="0.001"/>
  <testcase name="testRunRectangularMap()" classname="agh.ics.oop.SimulationEngineTest" time="0.002"/>
  <system-out><![CDATA[]]></system-out>
  <system-err><![CDATA[]]></system-err>
</testsuite>
