<?xml version="1.0" encoding="UTF-8"?>
<testsuite name="agh.ics.oop.SimulationEngineTest" tests="1" skipped="0" failures="0" errors="0" timestamp="2022-11-20T14:46:12" hostname="LAPTOP-CIASTEK" time="0.005">
  <properties/>
  <testcase name="testRun()" classname="agh.ics.oop.SimulationEngineTest" time="0.005"/>
  <system-out><![CDATA[]]></system-out>
  <system-err><![CDATA[]]></system-err>
</testsuite>
