<?xml version="1.0" encoding="UTF-8"?>
<testsuite name="agh.ics.oop.OptionsPaserTest" tests="1" skipped="0" failures="0" errors="0" timestamp="2022-12-04T16:51:44" hostname="LAPTOP-CIASTEK" time="0.003">
  <properties/>
  <testcase name="testParse()" classname="agh.ics.oop.OptionsPaserTest" time="0.003"/>
  <system-out><![CDATA[]]></system-out>
  <system-err><![CDATA[]]></system-err>
</testsuite>
