<?xml version="1.0" encoding="UTF-8"?>
<testsuite name="agh.ics.oop.AnimalTest" tests="3" skipped="0" failures="0" errors="0" timestamp="2022-11-20T14:46:12" hostname="LAPTOP-CIASTEK" time="0.067">
  <properties/>
  <testcase name="testMoveMethodeOrientation()" classname="agh.ics.oop.AnimalTest" time="0.058"/>
  <testcase name="testMoveMethodeMoving()" classname="agh.ics.oop.AnimalTest" time="0.003"/>
  <testcase name="testMoveMethodeMowingOutOfMap()" classname="agh.ics.oop.AnimalTest" time="0.003"/>
  <system-out><![CDATA[]]></system-out>
  <system-err><![CDATA[]]></system-err>
</testsuite>
