<?xml version="1.0" encoding="UTF-8"?>
<testsuite name="agh.ics.oop.Vector2dTest" tests="9" skipped="0" failures="0" errors="0" timestamp="2022-12-05T22:35:58" hostname="LAPTOP-CIASTEK" time="0.092">
  <properties/>
  <testcase name="testAdd()" classname="agh.ics.oop.Vector2dTest" time="0.004"/>
  <testcase name="testSubtract()" classname="agh.ics.oop.Vector2dTest" time="0.002"/>
  <testcase name="testToString()" classname="agh.ics.oop.Vector2dTest" time="0.007"/>
  <testcase name="testPrecedes()" classname="agh.ics.oop.Vector2dTest" time="0.028"/>
  <testcase name="testLowerLeft()" classname="agh.ics.oop.Vector2dTest" time="0.003"/>
  <testcase name="testOpposite()" classname="agh.ics.oop.Vector2dTest" time="0.002"/>
  <testcase name="testEquals()" classname="agh.ics.oop.Vector2dTest" time="0.001"/>
  <testcase name="testFollow()" classname="agh.ics.oop.Vector2dTest" time="0.002"/>
  <testcase name="testUpperRight()" classname="agh.ics.oop.Vector2dTest" time="0.002"/>
  <system-out><![CDATA[]]></system-out>
  <system-err><![CDATA[]]></system-err>
</testsuite>
