<?xml version="1.0" encoding="UTF-8"?>
<testsuite name="agh.ics.oop.AnimalTest" tests="3" skipped="0" failures="0" errors="0" timestamp="2022-11-06T15:53:47" hostname="LAPTOP-CIASTEK" time="0.042">
  <properties/>
  <testcase name="testMoveMethodeOrientation()" classname="agh.ics.oop.AnimalTest" time="0.035"/>
  <testcase name="testMoveMethodeMoving()" classname="agh.ics.oop.AnimalTest" time="0.001"/>
  <testcase name="testMoveMethodeMowingOutOfMap()" classname="agh.ics.oop.AnimalTest" time="0.003"/>
  <system-out><![CDATA[]]></system-out>
  <system-err><![CDATA[]]></system-err>
</testsuite>
