<?xml version="1.0" encoding="UTF-8"?>
<testsuite name="agh.ics.oop.WeighedTreeSetTest" tests="3" skipped="0" failures="0" errors="0" timestamp="2022-12-05T22:35:58" hostname="LAPTOP-CIASTEK" time="0.053">
  <properties/>
  <testcase name="testAdd()" classname="agh.ics.oop.WeighedTreeSetTest" time="0.002"/>
  <testcase name="testRemove2SameX()" classname="agh.ics.oop.WeighedTreeSetTest" time="0.002"/>
  <testcase name="testRemove()" classname="agh.ics.oop.WeighedTreeSetTest" time="0.001"/>
  <system-out><![CDATA[]]></system-out>
  <system-err><![CDATA[]]></system-err>
</testsuite>
