<?xml version="1.0" encoding="UTF-8"?>
<testsuite name="agh.ics.oop.GrassFieldTest" tests="4" skipped="0" failures="0" errors="0" timestamp="2022-11-14T18:21:08" hostname="LAPTOP-CIASTEK" time="0.01">
  <properties/>
  <testcase name="testPlace()" classname="agh.ics.oop.GrassFieldTest" time="0.004"/>
  <testcase name="testIsOccupied()" classname="agh.ics.oop.GrassFieldTest" time="0.001"/>
  <testcase name="testCanMoveTo()" classname="agh.ics.oop.GrassFieldTest" time="0.001"/>
  <testcase name="testObjectAt()" classname="agh.ics.oop.GrassFieldTest" time="0.001"/>
  <system-out><![CDATA[]]></system-out>
  <system-err><![CDATA[]]></system-err>
</testsuite>
