<?xml version="1.0" encoding="UTF-8"?>
<testsuite name="agh.ics.oop.MapDirectionTest" tests="2" skipped="0" failures="0" errors="0" timestamp="2022-11-07T18:48:01" hostname="LAPTOP-CIASTEK" time="0.004">
  <properties/>
  <testcase name="testNext()" classname="agh.ics.oop.MapDirectionTest" time="0.001"/>
  <testcase name="testPrevious()" classname="agh.ics.oop.MapDirectionTest" time="0.001"/>
  <system-out><![CDATA[]]></system-out>
  <system-err><![CDATA[]]></system-err>
</testsuite>
