<?xml version="1.0" encoding="UTF-8"?>
<testsuite name="agh.ics.oop.RectangularMapTest" tests="4" skipped="0" failures="0" errors="0" timestamp="2022-11-20T14:46:12" hostname="LAPTOP-CIASTEK" time="0.015">
  <properties/>
  <testcase name="testPlace()" classname="agh.ics.oop.RectangularMapTest" time="0.003"/>
  <testcase name="testAnimalsOnSamePlace()" classname="agh.ics.oop.RectangularMapTest" time="0.002"/>
  <testcase name="testObjectAt()" classname="agh.ics.oop.RectangularMapTest" time="0.003"/>
  <testcase name="testPlaceAndIsOccupied()" classname="agh.ics.oop.RectangularMapTest" time="0.002"/>
  <system-out><![CDATA[]]></system-out>
  <system-err><![CDATA[]]></system-err>
</testsuite>
