<?xml version="1.0" encoding="UTF-8"?>
<testsuite name="agh.ics.oop.SimulationEngineTest" tests="2" skipped="0" failures="0" errors="0" timestamp="2022-12-05T22:35:48" hostname="LAPTOP-CIASTEK" time="10.079">
  <properties/>
  <testcase name="testRunGrassField()" classname="agh.ics.oop.SimulationEngineTest" time="4.969"/>
  <testcase name="testRunRectangularMap()" classname="agh.ics.oop.SimulationEngineTest" time="5.11"/>
  <system-out><![CDATA[]]></system-out>
  <system-err><![CDATA[]]></system-err>
</testsuite>
